$ umask 022 && mkdir -p "/buildbot/src/android/rust-toolchain/out/lib/rustlib"
$ echo "3" > "/buildbot/src/android/rust-toolchain/out/lib/rustlib/rust-installer-version"
install: creating uninstall script at /buildbot/src/android/rust-toolchain/out/lib/rustlib/uninstall.sh
$ cp /buildbot/src/android/rust-toolchain/toolchain/rustc/build/tmp/dist/rustc-1.48.0-dev-x86_64-unknown-linux-gnu/install.sh /buildbot/src/android/rust-toolchain/out/lib/rustlib/uninstall.sh
install: installing component 'rustc'
$ echo "rustc" >> "/buildbot/src/android/rust-toolchain/out/lib/rustlib/components"
$ umask 022 && mkdir -p "/buildbot/src/android/rust-toolchain/out/bin"
install: copying file /buildbot/src/android/rust-toolchain/out/bin/rustdoc
$ cp /buildbot/src/android/rust-toolchain/toolchain/rustc/build/tmp/dist/rustc-1.48.0-dev-x86_64-unknown-linux-gnu/rustc/bin/rustdoc /buildbot/src/android/rust-toolchain/out/bin/rustdoc
$ chmod 755 /buildbot/src/android/rust-toolchain/out/bin/rustdoc
$ echo "file:/buildbot/src/android/rust-toolchain/out/bin/rustdoc" >> "/buildbot/src/android/rust-toolchain/out/lib/rustlib/manifest-rustc"
$ umask 022 && mkdir -p "/buildbot/src/android/rust-toolchain/out/bin"
install: copying file /buildbot/src/android/rust-toolchain/out/bin/rust-lldb
$ cp /buildbot/src/android/rust-toolchain/toolchain/rustc/build/tmp/dist/rustc-1.48.0-dev-x86_64-unknown-linux-gnu/rustc/bin/rust-lldb /buildbot/src/android/rust-toolchain/out/bin/rust-lldb
$ chmod 755 /buildbot/src/android/rust-toolchain/out/bin/rust-lldb
$ echo "file:/buildbot/src/android/rust-toolchain/out/bin/rust-lldb" >> "/buildbot/src/android/rust-toolchain/out/lib/rustlib/manifest-rustc"
$ umask 022 && mkdir -p "/buildbot/src/android/rust-toolchain/out/bin"
install: copying file /buildbot/src/android/rust-toolchain/out/bin/rust-gdb
$ cp /buildbot/src/android/rust-toolchain/toolchain/rustc/build/tmp/dist/rustc-1.48.0-dev-x86_64-unknown-linux-gnu/rustc/bin/rust-gdb /buildbot/src/android/rust-toolchain/out/bin/rust-gdb
$ chmod 755 /buildbot/src/android/rust-toolchain/out/bin/rust-gdb
$ echo "file:/buildbot/src/android/rust-toolchain/out/bin/rust-gdb" >> "/buildbot/src/android/rust-toolchain/out/lib/rustlib/manifest-rustc"
$ umask 022 && mkdir -p "/buildbot/src/android/rust-toolchain/out/bin"
install: copying file /buildbot/src/android/rust-toolchain/out/bin/rust-gdbgui
$ cp /buildbot/src/android/rust-toolchain/toolchain/rustc/build/tmp/dist/rustc-1.48.0-dev-x86_64-unknown-linux-gnu/rustc/bin/rust-gdbgui /buildbot/src/android/rust-toolchain/out/bin/rust-gdbgui
$ chmod 755 /buildbot/src/android/rust-toolchain/out/bin/rust-gdbgui
$ echo "file:/buildbot/src/android/rust-toolchain/out/bin/rust-gdbgui" >> "/buildbot/src/android/rust-toolchain/out/lib/rustlib/manifest-rustc"
$ umask 022 && mkdir -p "/buildbot/src/android/rust-toolchain/out/bin"
install: copying file /buildbot/src/android/rust-toolchain/out/bin/rustc
$ cp /buildbot/src/android/rust-toolchain/toolchain/rustc/build/tmp/dist/rustc-1.48.0-dev-x86_64-unknown-linux-gnu/rustc/bin/rustc /buildbot/src/android/rust-toolchain/out/bin/rustc
$ chmod 755 /buildbot/src/android/rust-toolchain/out/bin/rustc
$ echo "file:/buildbot/src/android/rust-toolchain/out/bin/rustc" >> "/buildbot/src/android/rust-toolchain/out/lib/rustlib/manifest-rustc"
$ umask 022 && mkdir -p "/buildbot/src/android/rust-toolchain/out/share/man/man1"
install: copying file /buildbot/src/android/rust-toolchain/out/share/man/man1/rustdoc.1
$ cp /buildbot/src/android/rust-toolchain/toolchain/rustc/build/tmp/dist/rustc-1.48.0-dev-x86_64-unknown-linux-gnu/rustc/share/man/man1/rustdoc.1 /buildbot/src/android/rust-toolchain/out/share/man/man1/rustdoc.1
$ chmod 644 /buildbot/src/android/rust-toolchain/out/share/man/man1/rustdoc.1
$ echo "file:/buildbot/src/android/rust-toolchain/out/share/man/man1/rustdoc.1" >> "/buildbot/src/android/rust-toolchain/out/lib/rustlib/manifest-rustc"
$ umask 022 && mkdir -p "/buildbot/src/android/rust-toolchain/out/share/man/man1"
install: copying file /buildbot/src/android/rust-toolchain/out/share/man/man1/rustc.1
$ cp /buildbot/src/android/rust-toolchain/toolchain/rustc/build/tmp/dist/rustc-1.48.0-dev-x86_64-unknown-linux-gnu/rustc/share/man/man1/rustc.1 /buildbot/src/android/rust-toolchain/out/share/man/man1/rustc.1
$ chmod 644 /buildbot/src/android/rust-toolchain/out/share/man/man1/rustc.1
$ echo "file:/buildbot/src/android/rust-toolchain/out/share/man/man1/rustc.1" >> "/buildbot/src/android/rust-toolchain/out/lib/rustlib/manifest-rustc"
$ umask 022 && mkdir -p "/buildbot/src/android/rust-toolchain/out/share/doc/rust"
install: copying file /buildbot/src/android/rust-toolchain/out/share/doc/rust/COPYRIGHT
$ cp /buildbot/src/android/rust-toolchain/toolchain/rustc/build/tmp/dist/rustc-1.48.0-dev-x86_64-unknown-linux-gnu/rustc/share/doc/rust/COPYRIGHT /buildbot/src/android/rust-toolchain/out/share/doc/rust/COPYRIGHT
$ chmod 644 /buildbot/src/android/rust-toolchain/out/share/doc/rust/COPYRIGHT
$ echo "file:/buildbot/src/android/rust-toolchain/out/share/doc/rust/COPYRIGHT" >> "/buildbot/src/android/rust-toolchain/out/lib/rustlib/manifest-rustc"
$ umask 022 && mkdir -p "/buildbot/src/android/rust-toolchain/out/share/doc/rust"
install: copying file /buildbot/src/android/rust-toolchain/out/share/doc/rust/LICENSE-MIT
install: backing up existing file at /buildbot/src/android/rust-toolchain/out/share/doc/rust/LICENSE-MIT
$ mv -f /buildbot/src/android/rust-toolchain/out/share/doc/rust/LICENSE-MIT /buildbot/src/android/rust-toolchain/out/share/doc/rust/LICENSE-MIT.old
$ cp /buildbot/src/android/rust-toolchain/toolchain/rustc/build/tmp/dist/rustc-1.48.0-dev-x86_64-unknown-linux-gnu/rustc/share/doc/rust/LICENSE-MIT /buildbot/src/android/rust-toolchain/out/share/doc/rust/LICENSE-MIT
$ chmod 644 /buildbot/src/android/rust-toolchain/out/share/doc/rust/LICENSE-MIT
$ echo "file:/buildbot/src/android/rust-toolchain/out/share/doc/rust/LICENSE-MIT" >> "/buildbot/src/android/rust-toolchain/out/lib/rustlib/manifest-rustc"
$ umask 022 && mkdir -p "/buildbot/src/android/rust-toolchain/out/share/doc/rust"
install: copying file /buildbot/src/android/rust-toolchain/out/share/doc/rust/LICENSE-APACHE
install: backing up existing file at /buildbot/src/android/rust-toolchain/out/share/doc/rust/LICENSE-APACHE
$ mv -f /buildbot/src/android/rust-toolchain/out/share/doc/rust/LICENSE-APACHE /buildbot/src/android/rust-toolchain/out/share/doc/rust/LICENSE-APACHE.old
$ cp /buildbot/src/android/rust-toolchain/toolchain/rustc/build/tmp/dist/rustc-1.48.0-dev-x86_64-unknown-linux-gnu/rustc/share/doc/rust/LICENSE-APACHE /buildbot/src/android/rust-toolchain/out/share/doc/rust/LICENSE-APACHE
$ chmod 644 /buildbot/src/android/rust-toolchain/out/share/doc/rust/LICENSE-APACHE
$ echo "file:/buildbot/src/android/rust-toolchain/out/share/doc/rust/LICENSE-APACHE" >> "/buildbot/src/android/rust-toolchain/out/lib/rustlib/manifest-rustc"
$ umask 022 && mkdir -p "/buildbot/src/android/rust-toolchain/out/share/doc/rust"
install: copying file /buildbot/src/android/rust-toolchain/out/share/doc/rust/README.md
install: backing up existing file at /buildbot/src/android/rust-toolchain/out/share/doc/rust/README.md
$ mv -f /buildbot/src/android/rust-toolchain/out/share/doc/rust/README.md /buildbot/src/android/rust-toolchain/out/share/doc/rust/README.md.old
$ cp /buildbot/src/android/rust-toolchain/toolchain/rustc/build/tmp/dist/rustc-1.48.0-dev-x86_64-unknown-linux-gnu/rustc/share/doc/rust/README.md /buildbot/src/android/rust-toolchain/out/share/doc/rust/README.md
$ chmod 644 /buildbot/src/android/rust-toolchain/out/share/doc/rust/README.md
$ echo "file:/buildbot/src/android/rust-toolchain/out/share/doc/rust/README.md" >> "/buildbot/src/android/rust-toolchain/out/lib/rustlib/manifest-rustc"
$ umask 022 && mkdir -p "/buildbot/src/android/rust-toolchain/out/lib"
install: copying file /buildbot/src/android/rust-toolchain/out/lib/libchalk_derive-fc83c9406cda318f.so
$ cp /buildbot/src/android/rust-toolchain/toolchain/rustc/build/tmp/dist/rustc-1.48.0-dev-x86_64-unknown-linux-gnu/rustc/lib/libchalk_derive-fc83c9406cda318f.so /buildbot/src/android/rust-toolchain/out/lib/libchalk_derive-fc83c9406cda318f.so
$ chmod 644 /buildbot/src/android/rust-toolchain/out/lib/libchalk_derive-fc83c9406cda318f.so
$ echo "file:/buildbot/src/android/rust-toolchain/out/lib/libchalk_derive-fc83c9406cda318f.so" >> "/buildbot/src/android/rust-toolchain/out/lib/rustlib/manifest-rustc"
$ umask 022 && mkdir -p "/buildbot/src/android/rust-toolchain/out/lib"
install: copying file /buildbot/src/android/rust-toolchain/out/lib/librustc_driver-40846889a700f3d8.so
$ cp /buildbot/src/android/rust-toolchain/toolchain/rustc/build/tmp/dist/rustc-1.48.0-dev-x86_64-unknown-linux-gnu/rustc/lib/librustc_driver-40846889a700f3d8.so /buildbot/src/android/rust-toolchain/out/lib/librustc_driver-40846889a700f3d8.so
$ chmod 644 /buildbot/src/android/rust-toolchain/out/lib/librustc_driver-40846889a700f3d8.so
$ echo "file:/buildbot/src/android/rust-toolchain/out/lib/librustc_driver-40846889a700f3d8.so" >> "/buildbot/src/android/rust-toolchain/out/lib/rustlib/manifest-rustc"
$ umask 022 && mkdir -p "/buildbot/src/android/rust-toolchain/out/lib"
install: copying file /buildbot/src/android/rust-toolchain/out/lib/libstd-8b7792ae39b1295a.so
$ cp /buildbot/src/android/rust-toolchain/toolchain/rustc/build/tmp/dist/rustc-1.48.0-dev-x86_64-unknown-linux-gnu/rustc/lib/libstd-8b7792ae39b1295a.so /buildbot/src/android/rust-toolchain/out/lib/libstd-8b7792ae39b1295a.so
$ chmod 644 /buildbot/src/android/rust-toolchain/out/lib/libstd-8b7792ae39b1295a.so
$ echo "file:/buildbot/src/android/rust-toolchain/out/lib/libstd-8b7792ae39b1295a.so" >> "/buildbot/src/android/rust-toolchain/out/lib/rustlib/manifest-rustc"
$ umask 022 && mkdir -p "/buildbot/src/android/rust-toolchain/out/lib/rustlib/etc"
install: copying file /buildbot/src/android/rust-toolchain/out/lib/rustlib/etc/lldb_commands
$ cp /buildbot/src/android/rust-toolchain/toolchain/rustc/build/tmp/dist/rustc-1.48.0-dev-x86_64-unknown-linux-gnu/rustc/lib/rustlib/etc/lldb_commands /buildbot/src/android/rust-toolchain/out/lib/rustlib/etc/lldb_commands
$ chmod 644 /buildbot/src/android/rust-toolchain/out/lib/rustlib/etc/lldb_commands
$ echo "file:/buildbot/src/android/rust-toolchain/out/lib/rustlib/etc/lldb_commands" >> "/buildbot/src/android/rust-toolchain/out/lib/rustlib/manifest-rustc"
$ umask 022 && mkdir -p "/buildbot/src/android/rust-toolchain/out/lib/rustlib/etc"
install: copying file /buildbot/src/android/rust-toolchain/out/lib/rustlib/etc/gdb_load_rust_pretty_printers.py
$ cp /buildbot/src/android/rust-toolchain/toolchain/rustc/build/tmp/dist/rustc-1.48.0-dev-x86_64-unknown-linux-gnu/rustc/lib/rustlib/etc/gdb_load_rust_pretty_printers.py /buildbot/src/android/rust-toolchain/out/lib/rustlib/etc/gdb_load_rust_pretty_printers.py
$ chmod 644 /buildbot/src/android/rust-toolchain/out/lib/rustlib/etc/gdb_load_rust_pretty_printers.py
$ echo "file:/buildbot/src/android/rust-toolchain/out/lib/rustlib/etc/gdb_load_rust_pretty_printers.py" >> "/buildbot/src/android/rust-toolchain/out/lib/rustlib/manifest-rustc"
$ umask 022 && mkdir -p "/buildbot/src/android/rust-toolchain/out/lib/rustlib/etc"
install: copying file /buildbot/src/android/rust-toolchain/out/lib/rustlib/etc/gdb_providers.py
$ cp /buildbot/src/android/rust-toolchain/toolchain/rustc/build/tmp/dist/rustc-1.48.0-dev-x86_64-unknown-linux-gnu/rustc/lib/rustlib/etc/gdb_providers.py /buildbot/src/android/rust-toolchain/out/lib/rustlib/etc/gdb_providers.py
$ chmod 644 /buildbot/src/android/rust-toolchain/out/lib/rustlib/etc/gdb_providers.py
$ echo "file:/buildbot/src/android/rust-toolchain/out/lib/rustlib/etc/gdb_providers.py" >> "/buildbot/src/android/rust-toolchain/out/lib/rustlib/manifest-rustc"
$ umask 022 && mkdir -p "/buildbot/src/android/rust-toolchain/out/lib/rustlib/etc"
install: copying file /buildbot/src/android/rust-toolchain/out/lib/rustlib/etc/lldb_providers.py
$ cp /buildbot/src/android/rust-toolchain/toolchain/rustc/build/tmp/dist/rustc-1.48.0-dev-x86_64-unknown-linux-gnu/rustc/lib/rustlib/etc/lldb_providers.py /buildbot/src/android/rust-toolchain/out/lib/rustlib/etc/lldb_providers.py
$ chmod 644 /buildbot/src/android/rust-toolchain/out/lib/rustlib/etc/lldb_providers.py
$ echo "file:/buildbot/src/android/rust-toolchain/out/lib/rustlib/etc/lldb_providers.py" >> "/buildbot/src/android/rust-toolchain/out/lib/rustlib/manifest-rustc"
$ umask 022 && mkdir -p "/buildbot/src/android/rust-toolchain/out/lib/rustlib/etc"
install: copying file /buildbot/src/android/rust-toolchain/out/lib/rustlib/etc/lldb_lookup.py
$ cp /buildbot/src/android/rust-toolchain/toolchain/rustc/build/tmp/dist/rustc-1.48.0-dev-x86_64-unknown-linux-gnu/rustc/lib/rustlib/etc/lldb_lookup.py /buildbot/src/android/rust-toolchain/out/lib/rustlib/etc/lldb_lookup.py
$ chmod 644 /buildbot/src/android/rust-toolchain/out/lib/rustlib/etc/lldb_lookup.py
$ echo "file:/buildbot/src/android/rust-toolchain/out/lib/rustlib/etc/lldb_lookup.py" >> "/buildbot/src/android/rust-toolchain/out/lib/rustlib/manifest-rustc"
$ umask 022 && mkdir -p "/buildbot/src/android/rust-toolchain/out/lib/rustlib/etc"
install: copying file /buildbot/src/android/rust-toolchain/out/lib/rustlib/etc/gdb_lookup.py
$ cp /buildbot/src/android/rust-toolchain/toolchain/rustc/build/tmp/dist/rustc-1.48.0-dev-x86_64-unknown-linux-gnu/rustc/lib/rustlib/etc/gdb_lookup.py /buildbot/src/android/rust-toolchain/out/lib/rustlib/etc/gdb_lookup.py
$ chmod 644 /buildbot/src/android/rust-toolchain/out/lib/rustlib/etc/gdb_lookup.py
$ echo "file:/buildbot/src/android/rust-toolchain/out/lib/rustlib/etc/gdb_lookup.py" >> "/buildbot/src/android/rust-toolchain/out/lib/rustlib/manifest-rustc"
$ umask 022 && mkdir -p "/buildbot/src/android/rust-toolchain/out/lib/rustlib/etc"
install: copying file /buildbot/src/android/rust-toolchain/out/lib/rustlib/etc/rust_types.py
$ cp /buildbot/src/android/rust-toolchain/toolchain/rustc/build/tmp/dist/rustc-1.48.0-dev-x86_64-unknown-linux-gnu/rustc/lib/rustlib/etc/rust_types.py /buildbot/src/android/rust-toolchain/out/lib/rustlib/etc/rust_types.py
$ chmod 644 /buildbot/src/android/rust-toolchain/out/lib/rustlib/etc/rust_types.py
$ echo "file:/buildbot/src/android/rust-toolchain/out/lib/rustlib/etc/rust_types.py" >> "/buildbot/src/android/rust-toolchain/out/lib/rustlib/manifest-rustc"
$ umask 022 && mkdir -p "/buildbot/src/android/rust-toolchain/out/lib"
install: copying file /buildbot/src/android/rust-toolchain/out/lib/librustc_macros-66fc5a3cd2593a47.so
$ cp /buildbot/src/android/rust-toolchain/toolchain/rustc/build/tmp/dist/rustc-1.48.0-dev-x86_64-unknown-linux-gnu/rustc/lib/librustc_macros-66fc5a3cd2593a47.so /buildbot/src/android/rust-toolchain/out/lib/librustc_macros-66fc5a3cd2593a47.so
$ chmod 644 /buildbot/src/android/rust-toolchain/out/lib/librustc_macros-66fc5a3cd2593a47.so
$ echo "file:/buildbot/src/android/rust-toolchain/out/lib/librustc_macros-66fc5a3cd2593a47.so" >> "/buildbot/src/android/rust-toolchain/out/lib/rustlib/manifest-rustc"
$ umask 022 && mkdir -p "/buildbot/src/android/rust-toolchain/out/lib"
install: copying file /buildbot/src/android/rust-toolchain/out/lib/libtracing_attributes-eb841ea19aacad4f.so
$ cp /buildbot/src/android/rust-toolchain/toolchain/rustc/build/tmp/dist/rustc-1.48.0-dev-x86_64-unknown-linux-gnu/rustc/lib/libtracing_attributes-eb841ea19aacad4f.so /buildbot/src/android/rust-toolchain/out/lib/libtracing_attributes-eb841ea19aacad4f.so
$ chmod 644 /buildbot/src/android/rust-toolchain/out/lib/libtracing_attributes-eb841ea19aacad4f.so
$ echo "file:/buildbot/src/android/rust-toolchain/out/lib/libtracing_attributes-eb841ea19aacad4f.so" >> "/buildbot/src/android/rust-toolchain/out/lib/rustlib/manifest-rustc"
$ umask 022 && mkdir -p "/buildbot/src/android/rust-toolchain/out/lib"
install: copying file /buildbot/src/android/rust-toolchain/out/lib/libtest-d9e505247b99b6b6.so
$ cp /buildbot/src/android/rust-toolchain/toolchain/rustc/build/tmp/dist/rustc-1.48.0-dev-x86_64-unknown-linux-gnu/rustc/lib/libtest-d9e505247b99b6b6.so /buildbot/src/android/rust-toolchain/out/lib/libtest-d9e505247b99b6b6.so
$ chmod 644 /buildbot/src/android/rust-toolchain/out/lib/libtest-d9e505247b99b6b6.so
$ echo "file:/buildbot/src/android/rust-toolchain/out/lib/libtest-d9e505247b99b6b6.so" >> "/buildbot/src/android/rust-toolchain/out/lib/rustlib/manifest-rustc"
