1702200999565516 B microfactory /home/ubuntu/GammaOS/out/microfactory_Linux
1702200999565715 B findDeps
1702200999565876 E findDeps
1702200999565894 B check compile github.com/google/blueprint/microfactory
1702200999565957 E check compile github.com/google/blueprint/microfactory
1702200999565964 B check compile main
1702200999565981 E check compile main
1702200999565983 B check link main
1702200999565989 E check link main
1702200999565998 B findDeps
1702200999569514 E findDeps
1702200999569554 B check compile github.com/golang/protobuf/proto
1702200999569649 B check compile android/soong/ui/logger
1702200999569704 B check compile github.com/google/blueprint/microfactory
1702200999569669 B check compile github.com/google/blueprint/parser
1702200999569854 B check compile github.com/google/blueprint/pathtools
1702200999571731 B check compile android/soong/ui/build/paths
1702200999571739 E check compile android/soong/ui/logger
1702200999571856 E check compile github.com/google/blueprint/microfactory
1702200999571750 B check compile android/soong/finder/fs
1702200999571921 E check compile android/soong/ui/build/paths
1702200999571885 B check compile github.com/google/blueprint/deptools
1702200999572348 E check compile github.com/google/blueprint/pathtools
1702200999572372 E check compile github.com/google/blueprint/deptools
1702200999572374 E check compile github.com/google/blueprint/parser
1702200999572387 B check compile github.com/google/blueprint/proptools
1702200999572449 E check compile android/soong/finder/fs
1702200999572464 B check compile android/soong/finder
1702200999572551 E check compile android/soong/finder
1702200999572551 E check compile github.com/google/blueprint/proptools
1702200999572563 B check compile android/soong/bazel
1702200999572577 B check compile github.com/google/blueprint
1702200999572591 B check compile github.com/google/blueprint/bootstrap/bpdoc
1702200999572631 E check compile github.com/golang/protobuf/proto
1702200999572641 E check compile android/soong/bazel
1702200999572645 B check compile android/soong/shared
1702200999572650 B check compile android/soong/ui/status/build_progress_proto
1702200999572667 B check compile android/soong/ui/status/build_error_proto
1702200999572679 B check compile android/soong/ui/status/ninja_frontend
1702200999572691 E check compile android/soong/shared
1702200999572693 E check compile github.com/google/blueprint/bootstrap/bpdoc
1702200999572697 B check compile android/soong/ui/metrics/upload_proto
1702200999572696 B check compile android/soong/ui/metrics/metrics_proto
1702200999572713 E check compile android/soong/ui/status/build_progress_proto
1702200999572728 E check compile android/soong/ui/metrics/upload_proto
1702200999572737 E check compile android/soong/ui/status/ninja_frontend
1702200999572739 E check compile android/soong/ui/status/build_error_proto
1702200999572743 B check compile android/soong/ui/status
1702200999572813 E check compile android/soong/ui/metrics/metrics_proto
1702200999572864 E check compile android/soong/ui/status
1702200999572875 B check compile android/soong/ui/tracer
1702200999572918 B check compile android/soong/ui/terminal
1702200999572933 E check compile android/soong/ui/tracer
1702200999573012 B check compile android/soong/ui/metrics
1702200999573016 E check compile github.com/google/blueprint
1702200999573021 B check compile github.com/google/blueprint/bootstrap
1702200999573193 E check compile android/soong/ui/metrics
1702200999573367 E check compile android/soong/ui/terminal
1702200999573513 E check compile github.com/google/blueprint/bootstrap
1702200999573519 B check compile android/soong/ui/build
1702200999573951 E check compile android/soong/ui/build
1702200999573962 B check compile main
1702200999574010 E check compile main
1702200999574012 B check link main
1702200999574019 E check link main
1702200999574023 E microfactory /home/ubuntu/GammaOS/out/microfactory_Linux
