2023/12/10 09:36:34.861679 build/soong/cmd/soong_ui/main.go:240: Detected 124 GB total RAM
2023/12/10 09:36:34.861720 build/soong/cmd/soong_ui/main.go:241: Parallelism (local/remote/highmem): 34/0/15
2023/12/10 09:36:34.861727 build/soong/cmd/soong_ui/main.go:267: Took 26ms to start up.
2023/12/10 09:36:35.016775 build/soong/ui/build/sandbox_linux.go:120: [prebuilts/build-tools/linux-x86/bin/nsjail -H android-build -e -u nobody -g nogroup -R / -B /home/ubuntu/GammaOS -B /tmp -B /home/ubuntu/GammaOS/out --disable_clone_newcgroup -- /bin/bash -c if [ $(hostname) == "android-build" ]; then echo "Android" "Success"; else echo Failure; fi]
2023/12/10 09:36:35.021219 build/soong/ui/build/sandbox_linux.go:127: Build sandboxing disabled due to nsjail error.
2023/12/10 09:36:35.021235 build/soong/ui/build/sandbox_linux.go:130: [I][2023-12-10T09:36:35+0000] Mode: STANDALONE_ONCE
2023/12/10 09:36:35.021241 build/soong/ui/build/sandbox_linux.go:130: [I][2023-12-10T09:36:35+0000] Jail parameters: hostname:'android-build', chroot:'', process:'/bin/bash', bind:[::]:0, max_conns_per_ip:0, time_limit:0, personality:0, daemonize:false, clone_newnet:true, clone_newuser:true, clone_newns:true, clone_newpid:true, clone_newipc:true, clone_newuts:true, clone_newcgroup:false, keep_caps:false, disable_no_new_privs:false, max_cpus:0
2023/12/10 09:36:35.021243 build/soong/ui/build/sandbox_linux.go:130: [I][2023-12-10T09:36:35+0000] Mount point: '/' flags:MS_RDONLY type:'tmpfs' options:'' is_dir:true
2023/12/10 09:36:35.021245 build/soong/ui/build/sandbox_linux.go:130: [I][2023-12-10T09:36:35+0000] Mount point: '/' -> '/' flags:MS_RDONLY|MS_BIND|MS_REC|MS_PRIVATE type:'' options:'' is_dir:true
2023/12/10 09:36:35.021248 build/soong/ui/build/sandbox_linux.go:130: [I][2023-12-10T09:36:35+0000] Mount point: '/home/ubuntu/GammaOS' -> '/home/ubuntu/GammaOS' flags:MS_BIND|MS_REC|MS_PRIVATE type:'' options:'' is_dir:true
2023/12/10 09:36:35.021249 build/soong/ui/build/sandbox_linux.go:130: [I][2023-12-10T09:36:35+0000] Mount point: '/tmp' -> '/tmp' flags:MS_BIND|MS_REC|MS_PRIVATE type:'' options:'' is_dir:true
2023/12/10 09:36:35.021252 build/soong/ui/build/sandbox_linux.go:130: [I][2023-12-10T09:36:35+0000] Mount point: '/home/ubuntu/GammaOS/out' -> '/home/ubuntu/GammaOS/out' flags:MS_BIND|MS_REC|MS_PRIVATE type:'' options:'' is_dir:true
2023/12/10 09:36:35.021255 build/soong/ui/build/sandbox_linux.go:130: [I][2023-12-10T09:36:35+0000] Mount point: '/proc' flags:MS_RDONLY type:'proc' options:'' is_dir:true
2023/12/10 09:36:35.021258 build/soong/ui/build/sandbox_linux.go:130: [I][2023-12-10T09:36:35+0000] Uid map: inside_uid:65534 outside_uid:0 count:1 newuidmap:false
2023/12/10 09:36:35.021261 build/soong/ui/build/sandbox_linux.go:130: [W][2023-12-10T09:36:35+0000][3376277] void cmdline::logParams(nsjconf_t *)():250 Process will be UID/EUID=0 in the global user namespace, and will have user root-level access to files
2023/12/10 09:36:35.021262 build/soong/ui/build/sandbox_linux.go:130: [I][2023-12-10T09:36:35+0000] Gid map: inside_gid:65534 outside_gid:0 count:1 newgidmap:false
2023/12/10 09:36:35.021264 build/soong/ui/build/sandbox_linux.go:130: [W][2023-12-10T09:36:35+0000][3376277] void cmdline::logParams(nsjconf_t *)():260 Process will be GID/EGID=0 in the global user namespace, and will have group root-level access to files
2023/12/10 09:36:35.021266 build/soong/ui/build/sandbox_linux.go:130: [W][2023-12-10T09:36:35+0000][1] bool util::createDirRecursively(const char *)():150 openat('5', 'ubuntu', O_DIRECTORY | O_CLOEXEC): Permission denied
2023/12/10 09:36:35.021268 build/soong/ui/build/sandbox_linux.go:130: [W][2023-12-10T09:36:35+0000][1] bool mnt::mountPt(mount_t *, const char *, const char *)():140 Couldn't create upper directories for '/run/user//nsjail.0.root//home/ubuntu/GammaOS'
2023/12/10 09:36:35.021270 build/soong/ui/build/sandbox_linux.go:130: [F][2023-12-10T09:36:35+0000][1] bool subproc::runChild(nsjconf_t *, int, int, int)():433 Launching child process failed
2023/12/10 09:36:35.021271 build/soong/ui/build/sandbox_linux.go:130: [W][2023-12-10T09:36:35+0000][3376277] bool subproc::runChild(nsjconf_t *, int, int, int)():461 Received error message from the child process before it has been executed
2023/12/10 09:36:35.021282 build/soong/ui/build/sandbox_linux.go:130: [E][2023-12-10T09:36:35+0000][3376277] int nsjail::standaloneMode(nsjconf_t *)():146 Couldn't launch the child process
2023/12/10 09:36:35.021286 build/soong/ui/build/sandbox_linux.go:136: nsjail failed with exit status 255
2023/12/10 09:36:35.021296 build/soong/ui/build/exec.go:64: "dumpvars" executing "prebuilts/build-tools/linux-x86/bin/ckati" [prebuilts/build-tools/linux-x86/bin/ckati -f build/make/core/config.mk --color_warnings --kati_stats dump-many-vars MAKECMDGOALS=]
2023/12/10 09:36:35.454320 build/soong/ui/build/exec.go:74: "dumpvars" finished with exit code 0 (433ms real, 350ms user, 94ms system, 197MB maxrss)
2023/12/10 09:36:35.454352 build/soong/ui/build/dumpvars.go:123: TARGET_DEVICE phhgsi_arm64_ab
