$ umask 022 && mkdir -p "/Volumes/Android/buildbot/src/android/rust-toolchain/out/lib/rustlib"
$ echo "3" > "/Volumes/Android/buildbot/src/android/rust-toolchain/out/lib/rustlib/rust-installer-version"
install: creating uninstall script at /Volumes/Android/buildbot/src/android/rust-toolchain/out/lib/rustlib/uninstall.sh
$ cp /Volumes/Android/buildbot/src/android/rust-toolchain/toolchain/rustc/build/tmp/tarball/x86_64-apple-darwin/rustc-1.50.0-dev-x86_64-apple-darwin/install.sh /Volumes/Android/buildbot/src/android/rust-toolchain/out/lib/rustlib/uninstall.sh
install: installing component 'rustc'
$ echo "rustc" >> "/Volumes/Android/buildbot/src/android/rust-toolchain/out/lib/rustlib/components"
$ umask 022 && mkdir -p "/Volumes/Android/buildbot/src/android/rust-toolchain/out/bin"
install: copying file /Volumes/Android/buildbot/src/android/rust-toolchain/out/bin/rustdoc
$ cp /Volumes/Android/buildbot/src/android/rust-toolchain/toolchain/rustc/build/tmp/tarball/x86_64-apple-darwin/rustc-1.50.0-dev-x86_64-apple-darwin/rustc/bin/rustdoc /Volumes/Android/buildbot/src/android/rust-toolchain/out/bin/rustdoc
$ chmod 755 /Volumes/Android/buildbot/src/android/rust-toolchain/out/bin/rustdoc
$ echo "file:/Volumes/Android/buildbot/src/android/rust-toolchain/out/bin/rustdoc" >> "/Volumes/Android/buildbot/src/android/rust-toolchain/out/lib/rustlib/manifest-rustc"
$ umask 022 && mkdir -p "/Volumes/Android/buildbot/src/android/rust-toolchain/out/bin"
install: copying file /Volumes/Android/buildbot/src/android/rust-toolchain/out/bin/rust-gdbgui
$ cp /Volumes/Android/buildbot/src/android/rust-toolchain/toolchain/rustc/build/tmp/tarball/x86_64-apple-darwin/rustc-1.50.0-dev-x86_64-apple-darwin/rustc/bin/rust-gdbgui /Volumes/Android/buildbot/src/android/rust-toolchain/out/bin/rust-gdbgui
$ chmod 755 /Volumes/Android/buildbot/src/android/rust-toolchain/out/bin/rust-gdbgui
$ echo "file:/Volumes/Android/buildbot/src/android/rust-toolchain/out/bin/rust-gdbgui" >> "/Volumes/Android/buildbot/src/android/rust-toolchain/out/lib/rustlib/manifest-rustc"
$ umask 022 && mkdir -p "/Volumes/Android/buildbot/src/android/rust-toolchain/out/bin"
install: copying file /Volumes/Android/buildbot/src/android/rust-toolchain/out/bin/rust-lldb
$ cp /Volumes/Android/buildbot/src/android/rust-toolchain/toolchain/rustc/build/tmp/tarball/x86_64-apple-darwin/rustc-1.50.0-dev-x86_64-apple-darwin/rustc/bin/rust-lldb /Volumes/Android/buildbot/src/android/rust-toolchain/out/bin/rust-lldb
$ chmod 755 /Volumes/Android/buildbot/src/android/rust-toolchain/out/bin/rust-lldb
$ echo "file:/Volumes/Android/buildbot/src/android/rust-toolchain/out/bin/rust-lldb" >> "/Volumes/Android/buildbot/src/android/rust-toolchain/out/lib/rustlib/manifest-rustc"
$ umask 022 && mkdir -p "/Volumes/Android/buildbot/src/android/rust-toolchain/out/bin"
install: copying file /Volumes/Android/buildbot/src/android/rust-toolchain/out/bin/rustc
$ cp /Volumes/Android/buildbot/src/android/rust-toolchain/toolchain/rustc/build/tmp/tarball/x86_64-apple-darwin/rustc-1.50.0-dev-x86_64-apple-darwin/rustc/bin/rustc /Volumes/Android/buildbot/src/android/rust-toolchain/out/bin/rustc
$ chmod 755 /Volumes/Android/buildbot/src/android/rust-toolchain/out/bin/rustc
$ echo "file:/Volumes/Android/buildbot/src/android/rust-toolchain/out/bin/rustc" >> "/Volumes/Android/buildbot/src/android/rust-toolchain/out/lib/rustlib/manifest-rustc"
$ umask 022 && mkdir -p "/Volumes/Android/buildbot/src/android/rust-toolchain/out/bin"
install: copying file /Volumes/Android/buildbot/src/android/rust-toolchain/out/bin/rust-gdb
$ cp /Volumes/Android/buildbot/src/android/rust-toolchain/toolchain/rustc/build/tmp/tarball/x86_64-apple-darwin/rustc-1.50.0-dev-x86_64-apple-darwin/rustc/bin/rust-gdb /Volumes/Android/buildbot/src/android/rust-toolchain/out/bin/rust-gdb
$ chmod 755 /Volumes/Android/buildbot/src/android/rust-toolchain/out/bin/rust-gdb
$ echo "file:/Volumes/Android/buildbot/src/android/rust-toolchain/out/bin/rust-gdb" >> "/Volumes/Android/buildbot/src/android/rust-toolchain/out/lib/rustlib/manifest-rustc"
$ umask 022 && mkdir -p "/Volumes/Android/buildbot/src/android/rust-toolchain/out/lib/rustlib/x86_64-apple-darwin/bin"
install: copying file /Volumes/Android/buildbot/src/android/rust-toolchain/out/lib/rustlib/x86_64-apple-darwin/bin/rust-llvm-dwp
$ cp /Volumes/Android/buildbot/src/android/rust-toolchain/toolchain/rustc/build/tmp/tarball/x86_64-apple-darwin/rustc-1.50.0-dev-x86_64-apple-darwin/rustc/lib/rustlib/x86_64-apple-darwin/bin/rust-llvm-dwp /Volumes/Android/buildbot/src/android/rust-toolchain/out/lib/rustlib/x86_64-apple-darwin/bin/rust-llvm-dwp
$ chmod 755 /Volumes/Android/buildbot/src/android/rust-toolchain/out/lib/rustlib/x86_64-apple-darwin/bin/rust-llvm-dwp
$ echo "file:/Volumes/Android/buildbot/src/android/rust-toolchain/out/lib/rustlib/x86_64-apple-darwin/bin/rust-llvm-dwp" >> "/Volumes/Android/buildbot/src/android/rust-toolchain/out/lib/rustlib/manifest-rustc"
$ umask 022 && mkdir -p "/Volumes/Android/buildbot/src/android/rust-toolchain/out/lib/rustlib/etc"
install: copying file /Volumes/Android/buildbot/src/android/rust-toolchain/out/lib/rustlib/etc/gdb_providers.py
$ cp /Volumes/Android/buildbot/src/android/rust-toolchain/toolchain/rustc/build/tmp/tarball/x86_64-apple-darwin/rustc-1.50.0-dev-x86_64-apple-darwin/rustc/lib/rustlib/etc/gdb_providers.py /Volumes/Android/buildbot/src/android/rust-toolchain/out/lib/rustlib/etc/gdb_providers.py
$ chmod 644 /Volumes/Android/buildbot/src/android/rust-toolchain/out/lib/rustlib/etc/gdb_providers.py
$ echo "file:/Volumes/Android/buildbot/src/android/rust-toolchain/out/lib/rustlib/etc/gdb_providers.py" >> "/Volumes/Android/buildbot/src/android/rust-toolchain/out/lib/rustlib/manifest-rustc"
$ umask 022 && mkdir -p "/Volumes/Android/buildbot/src/android/rust-toolchain/out/lib/rustlib/etc"
install: copying file /Volumes/Android/buildbot/src/android/rust-toolchain/out/lib/rustlib/etc/lldb_commands
$ cp /Volumes/Android/buildbot/src/android/rust-toolchain/toolchain/rustc/build/tmp/tarball/x86_64-apple-darwin/rustc-1.50.0-dev-x86_64-apple-darwin/rustc/lib/rustlib/etc/lldb_commands /Volumes/Android/buildbot/src/android/rust-toolchain/out/lib/rustlib/etc/lldb_commands
$ chmod 644 /Volumes/Android/buildbot/src/android/rust-toolchain/out/lib/rustlib/etc/lldb_commands
$ echo "file:/Volumes/Android/buildbot/src/android/rust-toolchain/out/lib/rustlib/etc/lldb_commands" >> "/Volumes/Android/buildbot/src/android/rust-toolchain/out/lib/rustlib/manifest-rustc"
$ umask 022 && mkdir -p "/Volumes/Android/buildbot/src/android/rust-toolchain/out/lib/rustlib/etc"
install: copying file /Volumes/Android/buildbot/src/android/rust-toolchain/out/lib/rustlib/etc/gdb_load_rust_pretty_printers.py
$ cp /Volumes/Android/buildbot/src/android/rust-toolchain/toolchain/rustc/build/tmp/tarball/x86_64-apple-darwin/rustc-1.50.0-dev-x86_64-apple-darwin/rustc/lib/rustlib/etc/gdb_load_rust_pretty_printers.py /Volumes/Android/buildbot/src/android/rust-toolchain/out/lib/rustlib/etc/gdb_load_rust_pretty_printers.py
$ chmod 644 /Volumes/Android/buildbot/src/android/rust-toolchain/out/lib/rustlib/etc/gdb_load_rust_pretty_printers.py
$ echo "file:/Volumes/Android/buildbot/src/android/rust-toolchain/out/lib/rustlib/etc/gdb_load_rust_pretty_printers.py" >> "/Volumes/Android/buildbot/src/android/rust-toolchain/out/lib/rustlib/manifest-rustc"
$ umask 022 && mkdir -p "/Volumes/Android/buildbot/src/android/rust-toolchain/out/lib/rustlib/etc"
install: copying file /Volumes/Android/buildbot/src/android/rust-toolchain/out/lib/rustlib/etc/rust_types.py
$ cp /Volumes/Android/buildbot/src/android/rust-toolchain/toolchain/rustc/build/tmp/tarball/x86_64-apple-darwin/rustc-1.50.0-dev-x86_64-apple-darwin/rustc/lib/rustlib/etc/rust_types.py /Volumes/Android/buildbot/src/android/rust-toolchain/out/lib/rustlib/etc/rust_types.py
$ chmod 644 /Volumes/Android/buildbot/src/android/rust-toolchain/out/lib/rustlib/etc/rust_types.py
$ echo "file:/Volumes/Android/buildbot/src/android/rust-toolchain/out/lib/rustlib/etc/rust_types.py" >> "/Volumes/Android/buildbot/src/android/rust-toolchain/out/lib/rustlib/manifest-rustc"
$ umask 022 && mkdir -p "/Volumes/Android/buildbot/src/android/rust-toolchain/out/lib/rustlib/etc"
install: copying file /Volumes/Android/buildbot/src/android/rust-toolchain/out/lib/rustlib/etc/lldb_lookup.py
$ cp /Volumes/Android/buildbot/src/android/rust-toolchain/toolchain/rustc/build/tmp/tarball/x86_64-apple-darwin/rustc-1.50.0-dev-x86_64-apple-darwin/rustc/lib/rustlib/etc/lldb_lookup.py /Volumes/Android/buildbot/src/android/rust-toolchain/out/lib/rustlib/etc/lldb_lookup.py
$ chmod 644 /Volumes/Android/buildbot/src/android/rust-toolchain/out/lib/rustlib/etc/lldb_lookup.py
$ echo "file:/Volumes/Android/buildbot/src/android/rust-toolchain/out/lib/rustlib/etc/lldb_lookup.py" >> "/Volumes/Android/buildbot/src/android/rust-toolchain/out/lib/rustlib/manifest-rustc"
$ umask 022 && mkdir -p "/Volumes/Android/buildbot/src/android/rust-toolchain/out/lib/rustlib/etc"
install: copying file /Volumes/Android/buildbot/src/android/rust-toolchain/out/lib/rustlib/etc/lldb_providers.py
$ cp /Volumes/Android/buildbot/src/android/rust-toolchain/toolchain/rustc/build/tmp/tarball/x86_64-apple-darwin/rustc-1.50.0-dev-x86_64-apple-darwin/rustc/lib/rustlib/etc/lldb_providers.py /Volumes/Android/buildbot/src/android/rust-toolchain/out/lib/rustlib/etc/lldb_providers.py
$ chmod 644 /Volumes/Android/buildbot/src/android/rust-toolchain/out/lib/rustlib/etc/lldb_providers.py
$ echo "file:/Volumes/Android/buildbot/src/android/rust-toolchain/out/lib/rustlib/etc/lldb_providers.py" >> "/Volumes/Android/buildbot/src/android/rust-toolchain/out/lib/rustlib/manifest-rustc"
$ umask 022 && mkdir -p "/Volumes/Android/buildbot/src/android/rust-toolchain/out/lib/rustlib/etc"
install: copying file /Volumes/Android/buildbot/src/android/rust-toolchain/out/lib/rustlib/etc/gdb_lookup.py
$ cp /Volumes/Android/buildbot/src/android/rust-toolchain/toolchain/rustc/build/tmp/tarball/x86_64-apple-darwin/rustc-1.50.0-dev-x86_64-apple-darwin/rustc/lib/rustlib/etc/gdb_lookup.py /Volumes/Android/buildbot/src/android/rust-toolchain/out/lib/rustlib/etc/gdb_lookup.py
$ chmod 644 /Volumes/Android/buildbot/src/android/rust-toolchain/out/lib/rustlib/etc/gdb_lookup.py
$ echo "file:/Volumes/Android/buildbot/src/android/rust-toolchain/out/lib/rustlib/etc/gdb_lookup.py" >> "/Volumes/Android/buildbot/src/android/rust-toolchain/out/lib/rustlib/manifest-rustc"
$ umask 022 && mkdir -p "/Volumes/Android/buildbot/src/android/rust-toolchain/out/lib"
install: copying file /Volumes/Android/buildbot/src/android/rust-toolchain/out/lib/libstd-1533f5957b381f9d.dylib
$ cp /Volumes/Android/buildbot/src/android/rust-toolchain/toolchain/rustc/build/tmp/tarball/x86_64-apple-darwin/rustc-1.50.0-dev-x86_64-apple-darwin/rustc/lib/libstd-1533f5957b381f9d.dylib /Volumes/Android/buildbot/src/android/rust-toolchain/out/lib/libstd-1533f5957b381f9d.dylib
$ chmod 644 /Volumes/Android/buildbot/src/android/rust-toolchain/out/lib/libstd-1533f5957b381f9d.dylib
$ echo "file:/Volumes/Android/buildbot/src/android/rust-toolchain/out/lib/libstd-1533f5957b381f9d.dylib" >> "/Volumes/Android/buildbot/src/android/rust-toolchain/out/lib/rustlib/manifest-rustc"
$ umask 022 && mkdir -p "/Volumes/Android/buildbot/src/android/rust-toolchain/out/lib"
install: copying file /Volumes/Android/buildbot/src/android/rust-toolchain/out/lib/librustc_macros-cc0bf0ff256b9c61.dylib
$ cp /Volumes/Android/buildbot/src/android/rust-toolchain/toolchain/rustc/build/tmp/tarball/x86_64-apple-darwin/rustc-1.50.0-dev-x86_64-apple-darwin/rustc/lib/librustc_macros-cc0bf0ff256b9c61.dylib /Volumes/Android/buildbot/src/android/rust-toolchain/out/lib/librustc_macros-cc0bf0ff256b9c61.dylib
$ chmod 644 /Volumes/Android/buildbot/src/android/rust-toolchain/out/lib/librustc_macros-cc0bf0ff256b9c61.dylib
$ echo "file:/Volumes/Android/buildbot/src/android/rust-toolchain/out/lib/librustc_macros-cc0bf0ff256b9c61.dylib" >> "/Volumes/Android/buildbot/src/android/rust-toolchain/out/lib/rustlib/manifest-rustc"
$ umask 022 && mkdir -p "/Volumes/Android/buildbot/src/android/rust-toolchain/out/lib"
install: copying file /Volumes/Android/buildbot/src/android/rust-toolchain/out/lib/librustc_driver-c3b19476e3507776.dylib
$ cp /Volumes/Android/buildbot/src/android/rust-toolchain/toolchain/rustc/build/tmp/tarball/x86_64-apple-darwin/rustc-1.50.0-dev-x86_64-apple-darwin/rustc/lib/librustc_driver-c3b19476e3507776.dylib /Volumes/Android/buildbot/src/android/rust-toolchain/out/lib/librustc_driver-c3b19476e3507776.dylib
$ chmod 644 /Volumes/Android/buildbot/src/android/rust-toolchain/out/lib/librustc_driver-c3b19476e3507776.dylib
$ echo "file:/Volumes/Android/buildbot/src/android/rust-toolchain/out/lib/librustc_driver-c3b19476e3507776.dylib" >> "/Volumes/Android/buildbot/src/android/rust-toolchain/out/lib/rustlib/manifest-rustc"
$ umask 022 && mkdir -p "/Volumes/Android/buildbot/src/android/rust-toolchain/out/lib"
install: copying file /Volumes/Android/buildbot/src/android/rust-toolchain/out/lib/libtest-8ee0c54e83748273.dylib
$ cp /Volumes/Android/buildbot/src/android/rust-toolchain/toolchain/rustc/build/tmp/tarball/x86_64-apple-darwin/rustc-1.50.0-dev-x86_64-apple-darwin/rustc/lib/libtest-8ee0c54e83748273.dylib /Volumes/Android/buildbot/src/android/rust-toolchain/out/lib/libtest-8ee0c54e83748273.dylib
$ chmod 644 /Volumes/Android/buildbot/src/android/rust-toolchain/out/lib/libtest-8ee0c54e83748273.dylib
$ echo "file:/Volumes/Android/buildbot/src/android/rust-toolchain/out/lib/libtest-8ee0c54e83748273.dylib" >> "/Volumes/Android/buildbot/src/android/rust-toolchain/out/lib/rustlib/manifest-rustc"
$ umask 022 && mkdir -p "/Volumes/Android/buildbot/src/android/rust-toolchain/out/lib"
install: copying file /Volumes/Android/buildbot/src/android/rust-toolchain/out/lib/libserde_derive-563fcce4392bddb9.dylib
$ cp /Volumes/Android/buildbot/src/android/rust-toolchain/toolchain/rustc/build/tmp/tarball/x86_64-apple-darwin/rustc-1.50.0-dev-x86_64-apple-darwin/rustc/lib/libserde_derive-563fcce4392bddb9.dylib /Volumes/Android/buildbot/src/android/rust-toolchain/out/lib/libserde_derive-563fcce4392bddb9.dylib
$ chmod 644 /Volumes/Android/buildbot/src/android/rust-toolchain/out/lib/libserde_derive-563fcce4392bddb9.dylib
$ echo "file:/Volumes/Android/buildbot/src/android/rust-toolchain/out/lib/libserde_derive-563fcce4392bddb9.dylib" >> "/Volumes/Android/buildbot/src/android/rust-toolchain/out/lib/rustlib/manifest-rustc"
$ umask 022 && mkdir -p "/Volumes/Android/buildbot/src/android/rust-toolchain/out/lib"
install: copying file /Volumes/Android/buildbot/src/android/rust-toolchain/out/lib/libtracing_attributes-0d576b166c76628c.dylib
$ cp /Volumes/Android/buildbot/src/android/rust-toolchain/toolchain/rustc/build/tmp/tarball/x86_64-apple-darwin/rustc-1.50.0-dev-x86_64-apple-darwin/rustc/lib/libtracing_attributes-0d576b166c76628c.dylib /Volumes/Android/buildbot/src/android/rust-toolchain/out/lib/libtracing_attributes-0d576b166c76628c.dylib
$ chmod 644 /Volumes/Android/buildbot/src/android/rust-toolchain/out/lib/libtracing_attributes-0d576b166c76628c.dylib
$ echo "file:/Volumes/Android/buildbot/src/android/rust-toolchain/out/lib/libtracing_attributes-0d576b166c76628c.dylib" >> "/Volumes/Android/buildbot/src/android/rust-toolchain/out/lib/rustlib/manifest-rustc"
$ umask 022 && mkdir -p "/Volumes/Android/buildbot/src/android/rust-toolchain/out/lib"
install: copying file /Volumes/Android/buildbot/src/android/rust-toolchain/out/lib/libchalk_derive-f7c30f63bfe72746.dylib
$ cp /Volumes/Android/buildbot/src/android/rust-toolchain/toolchain/rustc/build/tmp/tarball/x86_64-apple-darwin/rustc-1.50.0-dev-x86_64-apple-darwin/rustc/lib/libchalk_derive-f7c30f63bfe72746.dylib /Volumes/Android/buildbot/src/android/rust-toolchain/out/lib/libchalk_derive-f7c30f63bfe72746.dylib
$ chmod 644 /Volumes/Android/buildbot/src/android/rust-toolchain/out/lib/libchalk_derive-f7c30f63bfe72746.dylib
$ echo "file:/Volumes/Android/buildbot/src/android/rust-toolchain/out/lib/libchalk_derive-f7c30f63bfe72746.dylib" >> "/Volumes/Android/buildbot/src/android/rust-toolchain/out/lib/rustlib/manifest-rustc"
$ umask 022 && mkdir -p "/Volumes/Android/buildbot/src/android/rust-toolchain/out/share/man/man1"
install: copying file /Volumes/Android/buildbot/src/android/rust-toolchain/out/share/man/man1/rustdoc.1
$ cp /Volumes/Android/buildbot/src/android/rust-toolchain/toolchain/rustc/build/tmp/tarball/x86_64-apple-darwin/rustc-1.50.0-dev-x86_64-apple-darwin/rustc/share/man/man1/rustdoc.1 /Volumes/Android/buildbot/src/android/rust-toolchain/out/share/man/man1/rustdoc.1
$ chmod 644 /Volumes/Android/buildbot/src/android/rust-toolchain/out/share/man/man1/rustdoc.1
$ echo "file:/Volumes/Android/buildbot/src/android/rust-toolchain/out/share/man/man1/rustdoc.1" >> "/Volumes/Android/buildbot/src/android/rust-toolchain/out/lib/rustlib/manifest-rustc"
$ umask 022 && mkdir -p "/Volumes/Android/buildbot/src/android/rust-toolchain/out/share/man/man1"
install: copying file /Volumes/Android/buildbot/src/android/rust-toolchain/out/share/man/man1/rustc.1
$ cp /Volumes/Android/buildbot/src/android/rust-toolchain/toolchain/rustc/build/tmp/tarball/x86_64-apple-darwin/rustc-1.50.0-dev-x86_64-apple-darwin/rustc/share/man/man1/rustc.1 /Volumes/Android/buildbot/src/android/rust-toolchain/out/share/man/man1/rustc.1
$ chmod 644 /Volumes/Android/buildbot/src/android/rust-toolchain/out/share/man/man1/rustc.1
$ echo "file:/Volumes/Android/buildbot/src/android/rust-toolchain/out/share/man/man1/rustc.1" >> "/Volumes/Android/buildbot/src/android/rust-toolchain/out/lib/rustlib/manifest-rustc"
$ umask 022 && mkdir -p "/Volumes/Android/buildbot/src/android/rust-toolchain/out/share/doc/rust"
install: copying file /Volumes/Android/buildbot/src/android/rust-toolchain/out/share/doc/rust/COPYRIGHT
$ cp /Volumes/Android/buildbot/src/android/rust-toolchain/toolchain/rustc/build/tmp/tarball/x86_64-apple-darwin/rustc-1.50.0-dev-x86_64-apple-darwin/rustc/share/doc/rust/COPYRIGHT /Volumes/Android/buildbot/src/android/rust-toolchain/out/share/doc/rust/COPYRIGHT
$ chmod 644 /Volumes/Android/buildbot/src/android/rust-toolchain/out/share/doc/rust/COPYRIGHT
$ echo "file:/Volumes/Android/buildbot/src/android/rust-toolchain/out/share/doc/rust/COPYRIGHT" >> "/Volumes/Android/buildbot/src/android/rust-toolchain/out/lib/rustlib/manifest-rustc"
$ umask 022 && mkdir -p "/Volumes/Android/buildbot/src/android/rust-toolchain/out/share/doc/rust"
install: copying file /Volumes/Android/buildbot/src/android/rust-toolchain/out/share/doc/rust/LICENSE-APACHE
install: backing up existing file at /Volumes/Android/buildbot/src/android/rust-toolchain/out/share/doc/rust/LICENSE-APACHE
$ mv -f /Volumes/Android/buildbot/src/android/rust-toolchain/out/share/doc/rust/LICENSE-APACHE /Volumes/Android/buildbot/src/android/rust-toolchain/out/share/doc/rust/LICENSE-APACHE.old
$ cp /Volumes/Android/buildbot/src/android/rust-toolchain/toolchain/rustc/build/tmp/tarball/x86_64-apple-darwin/rustc-1.50.0-dev-x86_64-apple-darwin/rustc/share/doc/rust/LICENSE-APACHE /Volumes/Android/buildbot/src/android/rust-toolchain/out/share/doc/rust/LICENSE-APACHE
$ chmod 644 /Volumes/Android/buildbot/src/android/rust-toolchain/out/share/doc/rust/LICENSE-APACHE
$ echo "file:/Volumes/Android/buildbot/src/android/rust-toolchain/out/share/doc/rust/LICENSE-APACHE" >> "/Volumes/Android/buildbot/src/android/rust-toolchain/out/lib/rustlib/manifest-rustc"
$ umask 022 && mkdir -p "/Volumes/Android/buildbot/src/android/rust-toolchain/out/share/doc/rust"
install: copying file /Volumes/Android/buildbot/src/android/rust-toolchain/out/share/doc/rust/LICENSE-MIT
install: backing up existing file at /Volumes/Android/buildbot/src/android/rust-toolchain/out/share/doc/rust/LICENSE-MIT
$ mv -f /Volumes/Android/buildbot/src/android/rust-toolchain/out/share/doc/rust/LICENSE-MIT /Volumes/Android/buildbot/src/android/rust-toolchain/out/share/doc/rust/LICENSE-MIT.old
$ cp /Volumes/Android/buildbot/src/android/rust-toolchain/toolchain/rustc/build/tmp/tarball/x86_64-apple-darwin/rustc-1.50.0-dev-x86_64-apple-darwin/rustc/share/doc/rust/LICENSE-MIT /Volumes/Android/buildbot/src/android/rust-toolchain/out/share/doc/rust/LICENSE-MIT
$ chmod 644 /Volumes/Android/buildbot/src/android/rust-toolchain/out/share/doc/rust/LICENSE-MIT
$ echo "file:/Volumes/Android/buildbot/src/android/rust-toolchain/out/share/doc/rust/LICENSE-MIT" >> "/Volumes/Android/buildbot/src/android/rust-toolchain/out/lib/rustlib/manifest-rustc"
$ umask 022 && mkdir -p "/Volumes/Android/buildbot/src/android/rust-toolchain/out/share/doc/rust"
install: copying file /Volumes/Android/buildbot/src/android/rust-toolchain/out/share/doc/rust/README.md
install: backing up existing file at /Volumes/Android/buildbot/src/android/rust-toolchain/out/share/doc/rust/README.md
$ mv -f /Volumes/Android/buildbot/src/android/rust-toolchain/out/share/doc/rust/README.md /Volumes/Android/buildbot/src/android/rust-toolchain/out/share/doc/rust/README.md.old
$ cp /Volumes/Android/buildbot/src/android/rust-toolchain/toolchain/rustc/build/tmp/tarball/x86_64-apple-darwin/rustc-1.50.0-dev-x86_64-apple-darwin/rustc/share/doc/rust/README.md /Volumes/Android/buildbot/src/android/rust-toolchain/out/share/doc/rust/README.md
$ chmod 644 /Volumes/Android/buildbot/src/android/rust-toolchain/out/share/doc/rust/README.md
$ echo "file:/Volumes/Android/buildbot/src/android/rust-toolchain/out/share/doc/rust/README.md" >> "/Volumes/Android/buildbot/src/android/rust-toolchain/out/lib/rustlib/manifest-rustc"
