Package name: org.lineageos.eleven
Module name in Android tree: Eleven
Local path in Android tree: packages/apps/Eleven
Install path on lineage_arm64_bvN-userdebug: out/target/product/phhgsi_arm64_ab/system/product/priv-app/Eleven/Eleven.apk

appcompat.sh output:
NOTE: appcompat.sh is still under development. It can report
API uses that do not execute at runtime, and reflection uses
that do not exist. It can also miss on reflection uses.
#1: Reflection unsupported Landroid/app/Activity;->mMainThread use(s):
       Landroidx/core/app/ActivityRecreator;->getMainThreadField()Ljava/lang/reflect/Field;

#2: Reflection unsupported Landroid/app/Activity;->mToken use(s):
       Landroidx/core/app/ActivityRecreator;->getTokenField()Ljava/lang/reflect/Field;

#3: Reflection unsupported Landroid/app/Dialog;->mOnKeyListener use(s):
       Landroidx/core/view/KeyEventDispatcher;->getDialogKeyListenerPre28(Landroid/app/Dialog;)Landroid/content/DialogInterface$OnKeyListener;

#4: Reflection blocked Landroid/content/res/Resources$Theme;->rebase use(s):
       Landroidx/core/content/res/ResourcesCompat$ThemeCompat$ImplApi23;->rebase(Landroid/content/res/Resources$Theme;)V

#5: Reflection unsupported Landroid/content/res/Resources;->mResourcesImpl use(s):
       Landroidx/appcompat/app/ResourcesFlusher;->flushNougats(Landroid/content/res/Resources;)V

#6: Reflection unsupported Landroid/graphics/Typeface;->createFromFamiliesWithDefault use(s):
       Landroidx/core/graphics/TypefaceCompatApi21Impl;->init()V
       Landroidx/core/graphics/TypefaceCompatApi24Impl;-><clinit>()V
       Landroidx/core/graphics/TypefaceCompatApi26Impl;->obtainCreateFromFamiliesWithDefaultMethod(Ljava/lang/Class;)Ljava/lang/reflect/Method;
       Landroidx/core/graphics/TypefaceCompatApi28Impl;->obtainCreateFromFamiliesWithDefaultMethod(Ljava/lang/Class;)Ljava/lang/reflect/Method;

#7: Reflection unsupported Landroid/graphics/Typeface;->native_instance use(s):
       Landroidx/core/graphics/TypefaceCompatBaseImpl;->getUniqueKey(Landroid/graphics/Typeface;)J

#8: Reflection unsupported Landroid/media/session/MediaSession;->getCallingPackage use(s):
       Landroid/support/v4/media/session/MediaSessionCompat$MediaSessionImplApi21;->getCallingPackage()Ljava/lang/String;

#9: Reflection unsupported Landroid/os/Bundle;->getIBinder use(s):
       Landroidx/core/app/BundleCompat$BundleCompatBaseImpl;->getBinder(Landroid/os/Bundle;Ljava/lang/String;)Landroid/os/IBinder;

#10: Reflection unsupported Landroid/os/Bundle;->putIBinder use(s):
       Landroidx/core/app/BundleCompat$BundleCompatBaseImpl;->putBinder(Landroid/os/Bundle;Ljava/lang/String;Landroid/os/IBinder;)V

#11: Reflection unsupported Landroid/os/Trace;->TRACE_TAG_APP use(s):
       Landroidx/tracing/Trace;->isEnabledFallback()Z

#12: Reflection unsupported Landroid/os/Trace;->asyncTraceBegin use(s):
       Landroidx/tracing/Trace;->beginAsyncSectionFallback(Ljava/lang/String;I)V

#13: Reflection unsupported Landroid/os/Trace;->asyncTraceEnd use(s):
       Landroidx/tracing/Trace;->endAsyncSectionFallback(Ljava/lang/String;I)V

#14: Reflection unsupported Landroid/os/Trace;->isTagEnabled use(s):
       Landroidx/tracing/Trace;->isEnabledFallback()Z

#15: Reflection unsupported Landroid/os/Trace;->traceCounter use(s):
       Landroidx/tracing/Trace;->setCounterFallback(Ljava/lang/String;I)V

#16: Reflection unsupported,test-api Landroid/os/UserHandle;->getUserId use(s):
       Landroidx/core/os/UserHandleCompat;->getGetUserIdMethod()Ljava/lang/reflect/Method;

#17: Reflection unsupported,test-api Landroid/os/UserHandle;->isApp use(s):
       Landroidx/core/os/ProcessCompat$Api17Impl;->isApplicationUid(I)Z

#18: Reflection unsupported Landroid/view/LayoutInflater;->mFactory2 use(s):
       Landroidx/core/view/LayoutInflaterCompat;->forceSetFactory2(Landroid/view/LayoutInflater;Landroid/view/LayoutInflater$Factory2;)V

#19: Reflection max-target-q Landroid/view/View$AttachInfo;->mContentInsets use(s):
       Landroidx/core/view/WindowInsetsCompat$Api21ReflectionHolder;-><clinit>()V

#20: Reflection max-target-q Landroid/view/View$AttachInfo;->mStableInsets use(s):
       Landroidx/core/view/WindowInsetsCompat$Api21ReflectionHolder;-><clinit>()V

#21: Reflection max-target-q Landroid/view/View$AttachInfo;->mVisibleInsets use(s):
       Landroidx/core/view/WindowInsetsCompat$Impl20;->loadReflectionField()V

#22: Reflection unsupported Landroid/view/View;->computeFitSystemWindows use(s):
       Landroidx/appcompat/widget/ViewUtils;-><clinit>()V

#23: Reflection unsupported Landroid/view/View;->getViewRootImpl use(s):
       Landroidx/core/view/WindowInsetsCompat$Impl20;->loadReflectionField()V

#24: Reflection unsupported Landroid/view/View;->mAccessibilityDelegate use(s):
       Landroidx/core/view/ViewCompat;->getAccessibilityDelegateThroughReflection(Landroid/view/View;)Landroid/view/View$AccessibilityDelegate;

#25: Reflection max-target-p Landroid/view/View;->mAttachInfo use(s):
       Landroidx/core/view/WindowInsetsCompat$Api21ReflectionHolder;-><clinit>()V

#26: Reflection max-target-p Landroid/view/inputmethod/InputMethodManager;->mH use(s):
       Landroidx/activity/ImmLeaksCleaner;->initializeReflectiveFields()V

#27: Reflection unsupported Landroid/widget/AbsListView;->mIsChildViewEnabled use(s):
       Landroidx/appcompat/widget/DropDownListView;-><init>(Landroid/content/Context;Z)V

#28: Reflection max-target-p Landroid/widget/AutoCompleteTextView;->doAfterTextChanged use(s):
       Landroidx/appcompat/widget/SearchView$PreQAutoCompleteTextViewReflector;-><init>()V

#29: Reflection max-target-p Landroid/widget/AutoCompleteTextView;->doBeforeTextChanged use(s):
       Landroidx/appcompat/widget/SearchView$PreQAutoCompleteTextViewReflector;-><init>()V

#30: Reflection max-target-p Landroid/widget/AutoCompleteTextView;->ensureImeVisible use(s):
       Landroidx/appcompat/widget/SearchView$PreQAutoCompleteTextViewReflector;-><init>()V

#31: Reflection unsupported Landroid/widget/CheckedTextView;->mCheckMarkDrawable use(s):
       Landroidx/core/widget/CheckedTextViewCompat$Api14Impl;->getCheckMarkDrawable(Landroid/widget/CheckedTextView;)Landroid/graphics/drawable/Drawable;

#32: Reflection max-target-p Landroid/widget/TextView;->getHorizontallyScrolling use(s):
       Landroidx/appcompat/widget/AppCompatTextViewAutoSizeHelper$Impl;->isHorizontallyScrollable(Landroid/widget/TextView;)Z

#33: Reflection unsupported Landroid/widget/TextView;->getLayoutAlignment use(s):
       Landroidx/appcompat/widget/AppCompatTextViewAutoSizeHelper;->suggestedSizeFitsInSpace(ILandroid/graphics/RectF;)Z

#34: Reflection unsupported Landroid/widget/TextView;->mIncludePad use(s):
       Landroidx/appcompat/widget/AppCompatTextViewAutoSizeHelper;->createStaticLayoutForMeasuringPre16(Ljava/lang/CharSequence;Landroid/text/Layout$Alignment;I)Landroid/text/StaticLayout;

#35: Reflection unsupported Landroid/widget/TextView;->mSpacingAdd use(s):
       Landroidx/appcompat/widget/AppCompatTextViewAutoSizeHelper;->createStaticLayoutForMeasuringPre16(Ljava/lang/CharSequence;Landroid/text/Layout$Alignment;I)Landroid/text/StaticLayout;

#36: Reflection unsupported Landroid/widget/TextView;->mSpacingMult use(s):
       Landroidx/appcompat/widget/AppCompatTextViewAutoSizeHelper;->createStaticLayoutForMeasuringPre16(Ljava/lang/CharSequence;Landroid/text/Layout$Alignment;I)Landroid/text/StaticLayout;

#37: Reflection unsupported Landroid/widget/TextView;->nullLayouts use(s):
       Landroidx/appcompat/widget/AppCompatTextViewAutoSizeHelper;->setRawTextSize(F)V

#38: Reflection max-target-o Lcom/android/internal/view/menu/MenuBuilder;->removeItemAt use(s):
       Landroidx/core/widget/TextViewCompat$OreoCallback;->recomputeProcessTextMenuItems(Landroid/view/Menu;)V

38 hidden API(s) used: 0 linked against, 38 through reflection
	27 in unsupported
	1 in blocked
	1 in max-target-o
	6 in max-target-p
	3 in max-target-q
	0 in max-target-r
To run an analysis that can give more reflection accesses, 
but could include false positives, pass the --imprecise flag. 
