Package name: org.lineageos.lineagesettings
Module name in Android tree: LineageSettingsProvider
Local path in Android tree: lineage-sdk/packages/LineageSettingsProvider
Install path on lineage_arm64_bvN-userdebug: out/target/product/phhgsi_arm64_ab/system/system_ext/priv-app/LineageSettingsProvider/LineageSettingsProvider.apk

appcompat.sh output:
NOTE: appcompat.sh is still under development. It can report
API uses that do not execute at runtime, and reflection uses
that do not exist. It can also miss on reflection uses.
#1: Linking max-target-o Landroid/app/ActivityManager;->handleIncomingUser(IIIZZLjava/lang/String;Ljava/lang/String;)I use(s):
       Lorg/lineageos/lineagesettings/LineageSettingsProvider;->call(Ljava/lang/String;Ljava/lang/String;Landroid/os/Bundle;)Landroid/os/Bundle;

#2: Linking unsupported Landroid/app/AppGlobals;->getPackageManager()Landroid/content/pm/IPackageManager; use(s):
       Lorg/lineageos/lineagesettings/LineageDatabaseHelper;->loadRestrictedNetworkingModeSetting()V

#3: Linking unsupported Landroid/content/ContentResolver;->acquireProvider(Ljava/lang/String;)Landroid/content/IContentProvider; use(s):
       Llineageos/providers/LineageSettings$ContentProviderHolder;->getProvider(Landroid/content/ContentResolver;)Landroid/content/IContentProvider;
       Lorg/lineageos/lineagesettings/PreBootReceiver;->onReceive(Landroid/content/Context;Landroid/content/Intent;)V

#4: Linking max-target-o Landroid/content/ContentResolver;->createSqlQueryBundle(Ljava/lang/String;[Ljava/lang/String;Ljava/lang/String;)Landroid/os/Bundle; use(s):
       Llineageos/providers/LineageSettings$NameValueCache;->getStringForUser(Landroid/content/ContentResolver;Ljava/lang/String;I)Ljava/lang/String;

#5: Linking blocked Landroid/content/ContentResolver;->getAttributionSource()Landroid/content/AttributionSource; use(s):
       Llineageos/providers/LineageSettings$NameValueCache;->getStringForUser(Landroid/content/ContentResolver;Ljava/lang/String;I)Ljava/lang/String; (2 occurrences)
       Lorg/lineageos/lineagesettings/PreBootReceiver;->onReceive(Landroid/content/Context;Landroid/content/Intent;)V

#6: Linking max-target-o Landroid/content/ContentResolver;->notifyChange(Landroid/net/Uri;Landroid/database/ContentObserver;ZI)V use(s):
       Lorg/lineageos/lineagesettings/LineageSettingsProvider;->notifyChange(Landroid/net/Uri;Ljava/lang/String;I)V

#7: Linking blocked Landroid/content/IContentProvider;->call(Landroid/content/AttributionSource;Ljava/lang/String;Ljava/lang/String;Ljava/lang/String;Landroid/os/Bundle;)Landroid/os/Bundle; use(s):
       Llineageos/providers/LineageSettings$NameValueCache;->getStringForUser(Landroid/content/ContentResolver;Ljava/lang/String;I)Ljava/lang/String;
       Lorg/lineageos/lineagesettings/PreBootReceiver;->onReceive(Landroid/content/Context;Landroid/content/Intent;)V

#8: Linking blocked Landroid/content/IContentProvider;->query(Landroid/content/AttributionSource;Landroid/net/Uri;[Ljava/lang/String;Landroid/os/Bundle;Landroid/os/ICancellationSignal;)Landroid/database/Cursor; use(s):
       Llineageos/providers/LineageSettings$NameValueCache;->getStringForUser(Landroid/content/ContentResolver;Ljava/lang/String;I)Ljava/lang/String;

#9: Linking max-target-o Landroid/content/pm/IPackageManager;->getPackagesHoldingPermissions([Ljava/lang/String;II)Landroid/content/pm/ParceledListSlice; use(s):
       Lorg/lineageos/lineagesettings/LineageDatabaseHelper;->loadRestrictedNetworkingModeSetting()V

#10: Linking max-target-r Landroid/content/pm/ParceledListSlice;->getList()Ljava/util/List; use(s):
       Lorg/lineageos/lineagesettings/LineageDatabaseHelper;->loadRestrictedNetworkingModeSetting()V

#11: Linking blocked Landroid/net/ConnectivitySettingsManager;->setUidsAllowedOnRestrictedNetworks(Landroid/content/Context;Ljava/util/Set;)V use(s):
       Lorg/lineageos/lineagesettings/LineageDatabaseHelper;->loadRestrictedNetworkingModeSetting()V

#12: Linking max-target-r Landroid/os/Bundle;->forPair(Ljava/lang/String;Ljava/lang/String;)Landroid/os/Bundle; use(s):
       Lorg/lineageos/lineagesettings/LineageSettingsProvider;-><clinit>()V
       Lorg/lineageos/lineagesettings/LineageSettingsProvider;->lookupSingleValue(ILandroid/net/Uri;Ljava/lang/String;)Landroid/os/Bundle;

#13: Linking max-target-o Landroid/os/Environment;->getUserSystemDirectory(I)Ljava/io/File; use(s):
       Lorg/lineageos/lineagesettings/LineageDatabaseHelper;->dbNameForUser(Landroid/content/Context;ILjava/lang/String;)Ljava/lang/String;

#14: Linking unsupported Landroid/os/SystemProperties;->set(Ljava/lang/String;Ljava/lang/String;)V use(s):
       Lorg/lineageos/lineagesettings/LineageSettingsProvider;->notifyChange(Landroid/net/Uri;Ljava/lang/String;I)V

#15: Linking unsupported Landroid/os/UserHandle;->getCallingUserId()I use(s):
       Lorg/lineageos/lineagesettings/LineageSettingsProvider;->bulkInsert(Landroid/net/Uri;[Landroid/content/ContentValues;)I
       Lorg/lineageos/lineagesettings/LineageSettingsProvider;->call(Ljava/lang/String;Ljava/lang/String;Landroid/os/Bundle;)Landroid/os/Bundle;
       Lorg/lineageos/lineagesettings/LineageSettingsProvider;->delete(Landroid/net/Uri;Ljava/lang/String;[Ljava/lang/String;)I
       Lorg/lineageos/lineagesettings/LineageSettingsProvider;->insert(Landroid/net/Uri;Landroid/content/ContentValues;)Landroid/net/Uri;
       Lorg/lineageos/lineagesettings/LineageSettingsProvider;->query(Landroid/net/Uri;[Ljava/lang/String;Ljava/lang/String;[Ljava/lang/String;Ljava/lang/String;)Landroid/database/Cursor;
       Lorg/lineageos/lineagesettings/LineageSettingsProvider;->update(Landroid/net/Uri;Landroid/content/ContentValues;Ljava/lang/String;[Ljava/lang/String;)I

#16: Linking unsupported Landroid/os/UserManager;->get(Landroid/content/Context;)Landroid/os/UserManager; use(s):
       Lorg/lineageos/lineagesettings/LineageDatabaseHelper;->loadRestrictedNetworkingModeSetting()V
       Lorg/lineageos/lineagesettings/LineageSettingsProvider;->onCreate()Z

#17: Linking blocked Landroid/os/UserManager;->getAliveUsers()Ljava/util/List; use(s):
       Lorg/lineageos/lineagesettings/LineageDatabaseHelper;->loadRestrictedNetworkingModeSetting()V

#18: Linking unsupported Landroid/os/UserManager;->getUsers()Ljava/util/List; use(s):
       Lorg/lineageos/lineagesettings/LineageSettingsProvider;->migrateLineageSettingsForExistingUsersIfNeeded()V

#19: Linking max-target-r Landroid/provider/Settings$Global;->getStringForUser(Landroid/content/ContentResolver;Ljava/lang/String;I)Ljava/lang/String; use(s):
       Lorg/lineageos/lineagesettings/LineageSettingsProvider;->migrateLineageSettingsForTable(ILjava/lang/String;[Ljava/lang/String;)I

#20: Linking unsupported Landroid/provider/Settings$Secure;->getStringForUser(Landroid/content/ContentResolver;Ljava/lang/String;I)Ljava/lang/String; use(s):
       Lorg/lineageos/lineagesettings/LineageSettingsProvider;->migrateLineageSettingsForTable(ILjava/lang/String;[Ljava/lang/String;)I

#21: Linking unsupported Landroid/provider/Settings$System;->getStringForUser(Landroid/content/ContentResolver;Ljava/lang/String;I)Ljava/lang/String; use(s):
       Lorg/lineageos/lineagesettings/LineageSettingsProvider;->migrateLineageSettingsForTable(ILjava/lang/String;[Ljava/lang/String;)I

#22: Linking unsupported Lcom/android/internal/util/ArrayUtils;->contains([Ljava/lang/Object;Ljava/lang/Object;)Z use(s):
       Llineageos/providers/LineageSettings$DiscreteValueValidator;->validate(Ljava/lang/String;)Z
       Llineageos/providers/LineageSettings$System$2;->validate(Ljava/lang/String;)Z

#23: Linking unsupported,test-api Landroid/content/pm/UserInfo;->id:I use(s):
       Lorg/lineageos/lineagesettings/LineageDatabaseHelper;->loadRestrictedNetworkingModeSetting()V
       Lorg/lineageos/lineagesettings/LineageSettingsProvider;->migrateLineageSettingsForExistingUsersIfNeeded()V

#24: Reflection unsupported Landroid/app/Activity;->mMainThread use(s):
       Landroidx/core/app/ActivityRecreator;->getMainThreadField()Ljava/lang/reflect/Field;

#25: Reflection unsupported Landroid/app/Activity;->mToken use(s):
       Landroidx/core/app/ActivityRecreator;->getTokenField()Ljava/lang/reflect/Field;

#26: Reflection unsupported Landroid/app/Dialog;->mOnKeyListener use(s):
       Landroidx/core/view/KeyEventDispatcher;->getDialogKeyListenerPre28(Landroid/app/Dialog;)Landroid/content/DialogInterface$OnKeyListener;

#27: Reflection blocked Landroid/content/res/Resources$Theme;->rebase use(s):
       Landroidx/core/content/res/ResourcesCompat$ThemeCompat$ImplApi23;->rebase(Landroid/content/res/Resources$Theme;)V

#28: Reflection unsupported Landroid/content/res/Resources;->mResourcesImpl use(s):
       Landroidx/appcompat/app/ResourcesFlusher;->flushNougats(Landroid/content/res/Resources;)V

#29: Reflection unsupported Landroid/graphics/Typeface;->createFromFamiliesWithDefault use(s):
       Landroidx/core/graphics/TypefaceCompatApi21Impl;->init()V
       Landroidx/core/graphics/TypefaceCompatApi24Impl;-><clinit>()V
       Landroidx/core/graphics/TypefaceCompatApi26Impl;->obtainCreateFromFamiliesWithDefaultMethod(Ljava/lang/Class;)Ljava/lang/reflect/Method;
       Landroidx/core/graphics/TypefaceCompatApi28Impl;->obtainCreateFromFamiliesWithDefaultMethod(Ljava/lang/Class;)Ljava/lang/reflect/Method;

#30: Reflection unsupported Landroid/graphics/Typeface;->native_instance use(s):
       Landroidx/core/graphics/TypefaceCompatBaseImpl;->getUniqueKey(Landroid/graphics/Typeface;)J

#31: Reflection unsupported Landroid/os/Trace;->TRACE_TAG_APP use(s):
       Landroidx/tracing/Trace;->isEnabledFallback()Z

#32: Reflection unsupported Landroid/os/Trace;->isTagEnabled use(s):
       Landroidx/tracing/Trace;->isEnabledFallback()Z

#33: Reflection unsupported Landroid/view/LayoutInflater;->mFactory2 use(s):
       Landroidx/core/view/LayoutInflaterCompat;->forceSetFactory2(Landroid/view/LayoutInflater;Landroid/view/LayoutInflater$Factory2;)V

#34: Reflection max-target-q Landroid/view/View$AttachInfo;->mContentInsets use(s):
       Landroidx/core/view/WindowInsetsCompat$Api21ReflectionHolder;-><clinit>()V

#35: Reflection max-target-q Landroid/view/View$AttachInfo;->mStableInsets use(s):
       Landroidx/core/view/WindowInsetsCompat$Api21ReflectionHolder;-><clinit>()V

#36: Reflection max-target-q Landroid/view/View$AttachInfo;->mVisibleInsets use(s):
       Landroidx/core/view/WindowInsetsCompat$Impl20;->loadReflectionField()V

#37: Reflection unsupported Landroid/view/View;->computeFitSystemWindows use(s):
       Landroidx/appcompat/widget/ViewUtils;-><clinit>()V

#38: Reflection unsupported Landroid/view/View;->getViewRootImpl use(s):
       Landroidx/core/view/WindowInsetsCompat$Impl20;->loadReflectionField()V

#39: Reflection max-target-p Landroid/view/View;->mAttachInfo use(s):
       Landroidx/core/view/WindowInsetsCompat$Api21ReflectionHolder;-><clinit>()V

#40: Reflection max-target-p Landroid/view/inputmethod/InputMethodManager;->mH use(s):
       Landroidx/activity/ImmLeaksCleaner;->initializeReflectiveFields()V

#41: Reflection unsupported Landroid/widget/AbsListView;->mIsChildViewEnabled use(s):
       Landroidx/appcompat/widget/DropDownListView;-><init>(Landroid/content/Context;Z)V

#42: Reflection max-target-p Landroid/widget/TextView;->getHorizontallyScrolling use(s):
       Landroidx/appcompat/widget/AppCompatTextViewAutoSizeHelper$Impl;->isHorizontallyScrollable(Landroid/widget/TextView;)Z

#43: Reflection unsupported Landroid/widget/TextView;->getLayoutAlignment use(s):
       Landroidx/appcompat/widget/AppCompatTextViewAutoSizeHelper;->suggestedSizeFitsInSpace(ILandroid/graphics/RectF;)Z

#44: Reflection unsupported Landroid/widget/TextView;->mIncludePad use(s):
       Landroidx/appcompat/widget/AppCompatTextViewAutoSizeHelper;->createStaticLayoutForMeasuringPre16(Ljava/lang/CharSequence;Landroid/text/Layout$Alignment;I)Landroid/text/StaticLayout;

#45: Reflection unsupported Landroid/widget/TextView;->mSpacingAdd use(s):
       Landroidx/appcompat/widget/AppCompatTextViewAutoSizeHelper;->createStaticLayoutForMeasuringPre16(Ljava/lang/CharSequence;Landroid/text/Layout$Alignment;I)Landroid/text/StaticLayout;

#46: Reflection unsupported Landroid/widget/TextView;->mSpacingMult use(s):
       Landroidx/appcompat/widget/AppCompatTextViewAutoSizeHelper;->createStaticLayoutForMeasuringPre16(Ljava/lang/CharSequence;Landroid/text/Layout$Alignment;I)Landroid/text/StaticLayout;

#47: Reflection unsupported Landroid/widget/TextView;->nullLayouts use(s):
       Landroidx/appcompat/widget/AppCompatTextViewAutoSizeHelper;->setRawTextSize(F)V

#48: Reflection max-target-o Lcom/android/internal/view/menu/MenuBuilder;->removeItemAt use(s):
       Landroidx/core/widget/TextViewCompat$OreoCallback;->recomputeProcessTextMenuItems(Landroid/view/Menu;)V

48 hidden API(s) used: 23 linked against, 25 through reflection
	27 in unsupported
	6 in blocked
	6 in max-target-o
	3 in max-target-p
	3 in max-target-q
	3 in max-target-r
To run an analysis that can give more reflection accesses, 
but could include false positives, pass the --imprecise flag. 
