Package name: com.android.permissioncontroller
Module name in Android tree: PermissionController.com.android.permission.flattened
Local path in Android tree: packages/modules/Permission/PermissionController
Install path on lineage_arm64_bvN-userdebug: out/target/product/phhgsi_arm64_ab/system/system_ext/apex/com.android.permission/priv-app/PermissionController/PermissionController.apk

appcompat.sh output:
NOTE: appcompat.sh is still under development. It can report
API uses that do not execute at runtime, and reflection uses
that do not exist. It can also miss on reflection uses.
#1: Linking unsupported Lsun/misc/Unsafe;->allocateInstance(Ljava/lang/Class;)Ljava/lang/Object; use(s):
       Lcom/google/protobuf/UnsafeUtil;->allocateInstance(Ljava/lang/Class;)Ljava/lang/Object;

#2: Linking unsupported,core-platform-api Lsun/misc/Unsafe;->arrayBaseOffset(Ljava/lang/Class;)I use(s):
       Lcom/google/protobuf/UnsafeUtil$MemoryAccessor;->arrayBaseOffset(Ljava/lang/Class;)I

#3: Linking unsupported,core-platform-api Lsun/misc/Unsafe;->arrayIndexScale(Ljava/lang/Class;)I use(s):
       Lcom/google/protobuf/UnsafeUtil$MemoryAccessor;->arrayIndexScale(Ljava/lang/Class;)I

#4: Linking unsupported,core-platform-api Lsun/misc/Unsafe;->getBoolean(Ljava/lang/Object;J)Z use(s):
       Lcom/google/protobuf/UnsafeUtil$JvmMemoryAccessor;->getBoolean(Ljava/lang/Object;J)Z

#5: Linking unsupported,core-platform-api Lsun/misc/Unsafe;->getByte(Ljava/lang/Object;J)B use(s):
       Lcom/google/protobuf/UnsafeUtil$JvmMemoryAccessor;->getByte(Ljava/lang/Object;J)B

#6: Linking unsupported,core-platform-api Lsun/misc/Unsafe;->getDouble(Ljava/lang/Object;J)D use(s):
       Lcom/google/protobuf/UnsafeUtil$JvmMemoryAccessor;->getDouble(Ljava/lang/Object;J)D

#7: Linking unsupported,core-platform-api Lsun/misc/Unsafe;->getFloat(Ljava/lang/Object;J)F use(s):
       Lcom/google/protobuf/UnsafeUtil$JvmMemoryAccessor;->getFloat(Ljava/lang/Object;J)F

#8: Linking unsupported,core-platform-api Lsun/misc/Unsafe;->getInt(Ljava/lang/Object;J)I use(s):
       Lcom/google/protobuf/MessageSchema;->getSerializedSizeProto2(Ljava/lang/Object;)I (5 occurrences)
       Lcom/google/protobuf/MessageSchema;->isInitialized(Ljava/lang/Object;)Z
       Lcom/google/protobuf/MessageSchema;->writeFieldsInAscendingOrderProto2(Ljava/lang/Object;Lcom/google/protobuf/Writer;)V (7 occurrences)
       Lcom/google/protobuf/UnsafeUtil$MemoryAccessor;->getInt(Ljava/lang/Object;J)I

#9: Linking unsupported,core-platform-api Lsun/misc/Unsafe;->getLong(Ljava/lang/Object;J)J use(s):
       Lcom/google/protobuf/MessageSchema;->getSerializedSizeProto2(Ljava/lang/Object;)I (3 occurrences)
       Lcom/google/protobuf/MessageSchema;->writeFieldsInAscendingOrderProto2(Ljava/lang/Object;Lcom/google/protobuf/Writer;)V (5 occurrences)
       Lcom/google/protobuf/UnsafeUtil$MemoryAccessor;->getLong(Ljava/lang/Object;J)J

#10: Linking unsupported,core-platform-api Lsun/misc/Unsafe;->getObject(Ljava/lang/Object;J)Ljava/lang/Object; use(s):
       Lcom/google/protobuf/MessageSchema;->getSerializedSizeProto2(Ljava/lang/Object;)I (41 occurrences)
       Lcom/google/protobuf/MessageSchema;->getSerializedSizeProto3(Ljava/lang/Object;)I (14 occurrences)
       Lcom/google/protobuf/MessageSchema;->writeFieldsInAscendingOrderProto2(Ljava/lang/Object;Lcom/google/protobuf/Writer;)V (41 occurrences)
       Lcom/google/protobuf/UnsafeUtil$MemoryAccessor;->getObject(Ljava/lang/Object;J)Ljava/lang/Object;

#11: Linking unsupported,core-platform-api Lsun/misc/Unsafe;->objectFieldOffset(Ljava/lang/reflect/Field;)J use(s):
       Lcom/google/protobuf/MessageSchema;->newSchemaForRawMessageInfo(Lcom/google/protobuf/RawMessageInfo;Lcom/google/protobuf/NewInstanceSchema;Lcom/google/protobuf/ListFieldSchema;Lcom/google/protobuf/UnknownFieldSchema;Lcom/google/protobuf/ExtensionSchema;Lcom/google/protobuf/MapFieldSchema;)Lcom/google/protobuf/MessageSchema; (4 occurrences)
       Lcom/google/protobuf/UnsafeUtil$MemoryAccessor;->objectFieldOffset(Ljava/lang/reflect/Field;)J

#12: Linking unsupported,core-platform-api Lsun/misc/Unsafe;->putBoolean(Ljava/lang/Object;JZ)V use(s):
       Lcom/google/protobuf/UnsafeUtil$JvmMemoryAccessor;->putBoolean(Ljava/lang/Object;JZ)V

#13: Linking unsupported,core-platform-api Lsun/misc/Unsafe;->putByte(Ljava/lang/Object;JB)V use(s):
       Lcom/google/protobuf/UnsafeUtil$JvmMemoryAccessor;->putByte(Ljava/lang/Object;JB)V

#14: Linking unsupported,core-platform-api Lsun/misc/Unsafe;->putDouble(Ljava/lang/Object;JD)V use(s):
       Lcom/google/protobuf/UnsafeUtil$JvmMemoryAccessor;->putDouble(Ljava/lang/Object;JD)V

#15: Linking unsupported,core-platform-api Lsun/misc/Unsafe;->putFloat(Ljava/lang/Object;JF)V use(s):
       Lcom/google/protobuf/UnsafeUtil$JvmMemoryAccessor;->putFloat(Ljava/lang/Object;JF)V

#16: Linking unsupported,core-platform-api Lsun/misc/Unsafe;->putInt(Ljava/lang/Object;JI)V use(s):
       Lcom/google/protobuf/MessageSchema;->getSerializedSizeProto2(Ljava/lang/Object;)I (14 occurrences)
       Lcom/google/protobuf/MessageSchema;->getSerializedSizeProto3(Ljava/lang/Object;)I (14 occurrences)
       Lcom/google/protobuf/UnsafeUtil$MemoryAccessor;->putInt(Ljava/lang/Object;JI)V

#17: Linking unsupported,core-platform-api Lsun/misc/Unsafe;->putLong(Ljava/lang/Object;JJ)V use(s):
       Lcom/google/protobuf/UnsafeUtil$MemoryAccessor;->putLong(Ljava/lang/Object;JJ)V

#18: Linking unsupported,core-platform-api Lsun/misc/Unsafe;->putObject(Ljava/lang/Object;JLjava/lang/Object;)V use(s):
       Lcom/google/protobuf/UnsafeUtil$MemoryAccessor;->putObject(Ljava/lang/Object;JLjava/lang/Object;)V

#19: Reflection max-target-p Landroid/animation/LayoutTransition;->cancel use(s):
       Landroidx/transition/ViewGroupUtilsApi14;->cancelLayoutTransition(Landroid/animation/LayoutTransition;)V

#20: Reflection unsupported Landroid/app/Activity;->mMainThread use(s):
       Landroidx/core/app/ActivityRecreator;->getMainThreadField()Ljava/lang/reflect/Field;

#21: Reflection unsupported Landroid/app/Activity;->mToken use(s):
       Landroidx/core/app/ActivityRecreator;->getTokenField()Ljava/lang/reflect/Field;

#22: Reflection unsupported Landroid/app/Dialog;->mOnKeyListener use(s):
       Landroidx/core/view/KeyEventDispatcher;->getDialogKeyListenerPre28(Landroid/app/Dialog;)Landroid/content/DialogInterface$OnKeyListener;

#23: Reflection blocked Landroid/content/res/Resources$Theme;->rebase use(s):
       Landroidx/core/content/res/ResourcesCompat$ThemeCompat$ImplApi23;->rebase(Landroid/content/res/Resources$Theme;)V

#24: Reflection unsupported Landroid/content/res/Resources;->mResourcesImpl use(s):
       Landroidx/appcompat/app/ResourcesFlusher;->flushNougats(Landroid/content/res/Resources;)V

#25: Reflection unsupported Landroid/graphics/Typeface;->createFromFamiliesWithDefault use(s):
       Landroidx/core/graphics/TypefaceCompatApi21Impl;->init()V
       Landroidx/core/graphics/TypefaceCompatApi24Impl;-><clinit>()V
       Landroidx/core/graphics/TypefaceCompatApi26Impl;->obtainCreateFromFamiliesWithDefaultMethod(Ljava/lang/Class;)Ljava/lang/reflect/Method;
       Landroidx/core/graphics/TypefaceCompatApi28Impl;->obtainCreateFromFamiliesWithDefaultMethod(Ljava/lang/Class;)Ljava/lang/reflect/Method;

#26: Reflection unsupported Landroid/graphics/Typeface;->native_instance use(s):
       Landroidx/core/graphics/TypefaceCompatBaseImpl;->getUniqueKey(Landroid/graphics/Typeface;)J

#27: Reflection unsupported Landroid/os/Bundle;->getIBinder use(s):
       Landroidx/core/app/BundleCompat$BundleCompatBaseImpl;->getBinder(Landroid/os/Bundle;Ljava/lang/String;)Landroid/os/IBinder;

#28: Reflection unsupported Landroid/os/Trace;->TRACE_TAG_APP use(s):
       Landroidx/tracing/Trace;->isEnabledFallback()Z

#29: Reflection unsupported Landroid/os/Trace;->isTagEnabled use(s):
       Landroidx/tracing/Trace;->isEnabledFallback()Z

#30: Reflection unsupported Landroid/view/LayoutInflater;->mFactory2 use(s):
       Landroidx/core/view/LayoutInflaterCompat;->forceSetFactory2(Landroid/view/LayoutInflater;Landroid/view/LayoutInflater$Factory2;)V

#31: Reflection max-target-q Landroid/view/View$AttachInfo;->mContentInsets use(s):
       Landroidx/core/view/WindowInsetsCompat$Api21ReflectionHolder;-><clinit>()V

#32: Reflection max-target-q Landroid/view/View$AttachInfo;->mStableInsets use(s):
       Landroidx/core/view/WindowInsetsCompat$Api21ReflectionHolder;-><clinit>()V

#33: Reflection max-target-q Landroid/view/View$AttachInfo;->mVisibleInsets use(s):
       Landroidx/core/view/WindowInsetsCompat$Impl20;->loadReflectionField()V

#34: Reflection unsupported Landroid/view/View;->computeFitSystemWindows use(s):
       Landroidx/appcompat/widget/ViewUtils;-><clinit>()V

#35: Reflection unsupported Landroid/view/View;->getViewRootImpl use(s):
       Landroidx/core/view/WindowInsetsCompat$Impl20;->loadReflectionField()V

#36: Reflection unsupported Landroid/view/View;->mAccessibilityDelegate use(s):
       Landroidx/core/view/ViewCompat;->getAccessibilityDelegateThroughReflection(Landroid/view/View;)Landroid/view/View$AccessibilityDelegate;

#37: Reflection max-target-p Landroid/view/View;->mAttachInfo use(s):
       Landroidx/core/view/WindowInsetsCompat$Api21ReflectionHolder;-><clinit>()V

#38: Reflection max-target-p Landroid/view/View;->mViewFlags use(s):
       Landroidx/transition/ViewUtilsBase;->setTransitionVisibility(Landroid/view/View;I)V

#39: Reflection max-target-p Landroid/view/View;->setFrame use(s):
       Landroidx/transition/ViewUtilsBase;->fetchSetFrame()V

#40: Reflection max-target-p Landroid/view/inputmethod/InputMethodManager;->mH use(s):
       Landroidx/activity/ImmLeaksCleaner;->initializeReflectiveFields()V

#41: Reflection unsupported Landroid/widget/AbsListView;->mIsChildViewEnabled use(s):
       Landroidx/appcompat/widget/DropDownListView;-><init>(Landroid/content/Context;Z)V

#42: Reflection max-target-p Landroid/widget/AutoCompleteTextView;->doAfterTextChanged use(s):
       Landroidx/appcompat/widget/SearchView$PreQAutoCompleteTextViewReflector;-><init>()V

#43: Reflection max-target-p Landroid/widget/AutoCompleteTextView;->doBeforeTextChanged use(s):
       Landroidx/appcompat/widget/SearchView$PreQAutoCompleteTextViewReflector;-><init>()V

#44: Reflection max-target-p Landroid/widget/AutoCompleteTextView;->ensureImeVisible use(s):
       Landroidx/appcompat/widget/SearchView$PreQAutoCompleteTextViewReflector;-><init>()V

#45: Reflection max-target-p Landroid/widget/TextView;->getHorizontallyScrolling use(s):
       Landroidx/appcompat/widget/AppCompatTextViewAutoSizeHelper$Impl;->isHorizontallyScrollable(Landroid/widget/TextView;)Z

#46: Reflection unsupported Landroid/widget/TextView;->getLayoutAlignment use(s):
       Landroidx/appcompat/widget/AppCompatTextViewAutoSizeHelper;->suggestedSizeFitsInSpace(ILandroid/graphics/RectF;)Z

#47: Reflection unsupported Landroid/widget/TextView;->mIncludePad use(s):
       Landroidx/appcompat/widget/AppCompatTextViewAutoSizeHelper;->createStaticLayoutForMeasuringPre16(Ljava/lang/CharSequence;Landroid/text/Layout$Alignment;I)Landroid/text/StaticLayout;

#48: Reflection unsupported Landroid/widget/TextView;->mSpacingAdd use(s):
       Landroidx/appcompat/widget/AppCompatTextViewAutoSizeHelper;->createStaticLayoutForMeasuringPre16(Ljava/lang/CharSequence;Landroid/text/Layout$Alignment;I)Landroid/text/StaticLayout;

#49: Reflection unsupported Landroid/widget/TextView;->mSpacingMult use(s):
       Landroidx/appcompat/widget/AppCompatTextViewAutoSizeHelper;->createStaticLayoutForMeasuringPre16(Ljava/lang/CharSequence;Landroid/text/Layout$Alignment;I)Landroid/text/StaticLayout;

#50: Reflection unsupported Landroid/widget/TextView;->nullLayouts use(s):
       Landroidx/appcompat/widget/AppCompatTextViewAutoSizeHelper;->setRawTextSize(F)V

#51: Reflection max-target-o Lcom/android/internal/view/menu/MenuBuilder;->removeItemAt use(s):
       Landroidx/core/widget/TextViewCompat$OreoCallback;->recomputeProcessTextMenuItems(Landroid/view/Menu;)V

#52: Reflection unsupported,core-platform-api Ljava/lang/Thread;->getUncaughtExceptionPreHandler use(s):
       Lkotlinx/coroutines/android/AndroidExceptionPreHandler;->invoke()Ljava/lang/reflect/Method;

#53: Reflection unsupported Ljava/nio/Buffer;->address use(s):
       Lcom/google/protobuf/UnsafeUtil;->bufferAddressField()Ljava/lang/reflect/Field;

53 hidden API(s) used: 18 linked against, 35 through reflection
	39 in unsupported
	1 in blocked
	1 in max-target-o
	9 in max-target-p
	3 in max-target-q
	0 in max-target-r
To run an analysis that can give more reflection accesses, 
but could include false positives, pass the --imprecise flag. 
